<?xml version="1.0" encoding="UTF-8"?>
<!-- Generated by org.testng.reporters.JUnitXMLReporter -->
<testsuite ignored="0" hostname="DESKTOP-DQ56HI0" failures="0" tests="3" name="Default test" time="22.582" errors="0" timestamp="2020-05-01T11:53:03 AEST">
  <testcase classname="TestNG_Concept.GoogleTest" name="pageTitle" time="0.171"/>
  <testcase classname="TestNG_Concept.GoogleTest" name="linkTest" time="0.18"/>
  <testcase classname="TestNG_Concept.GoogleTest" name="logo" time="0.271"/>
</testsuite> <!-- Default test -->
