<?xml version="1.0" encoding="UTF-8"?>
<!-- Generated by org.testng.reporters.JUnitXMLReporter -->
<testsuite ignored="0" hostname="DESKTOP-DQ56HI0" failures="0" tests="6" name="TestNG concepts on Google" time="22.525" errors="0" timestamp="2020-05-01T12:09:38 AEST">
  <testcase classname="TestNG_Concept.GoogleTest" name="pageTitle" time="0.228"/>
  <testcase classname="TestNG_Concept.GoogleTest" name="linkTest" time="0.202"/>
  <testcase classname="TestNG_Concept.GoogleTest" name="logo" time="0.115"/>
  <testcase classname="TestNG_Concept.TestNG_Basic" name="loginSuc" time="0.004"/>
  <testcase classname="TestNG_Concept.TestNG_Basic" name="loginSuc1" time="0.003"/>
  <testcase classname="TestNG_Concept.TestNG_Basic" name="loginSuc2" time="0.004"/>
</testsuite> <!-- TestNG concepts on Google -->
