<?xml version="1.0" encoding="UTF-8"?>
<testng-results ignored="0" total="6" passed="6" failed="0" skipped="0">
  <reporter-output>
  </reporter-output>
  <suite started-at="2020-05-01T12:09:16 AEST" name="TESTNG Session Test Automation Suite" finished-at="2020-05-01T12:09:38 AEST" duration-ms="22525">
    <groups>
      <group name="Google Test">
        <method signature="GoogleTest.linkTest()[pri:2, instance:TestNG_Concept.GoogleTest@402bba4f]" name="linkTest" class="TestNG_Concept.GoogleTest"/>
        <method signature="GoogleTest.logo()[pri:3, instance:TestNG_Concept.GoogleTest@402bba4f]" name="logo" class="TestNG_Concept.GoogleTest"/>
        <method signature="GoogleTest.pageTitle()[pri:1, instance:TestNG_Concept.GoogleTest@402bba4f]" name="pageTitle" class="TestNG_Concept.GoogleTest"/>
      </group> <!-- Google Test -->
    </groups>
    <test started-at="2020-05-01T12:09:16 AEST" name="TestNG concepts on Google" finished-at="2020-05-01T12:09:38 AEST" duration-ms="22525">
      <class name="TestNG_Concept.GoogleTest">
        <test-method is-config="true" signature="setUp()[pri:0, instance:TestNG_Concept.GoogleTest@402bba4f]" started-at="2020-05-01T12:09:16 AEST" name="setUp" finished-at="2020-05-01T12:09:23 AEST" duration-ms="7418" status="PASS">
          <reporter-output>
          </reporter-output>
        </test-method> <!-- setUp -->
        <test-method signature="pageTitle()[pri:1, instance:TestNG_Concept.GoogleTest@402bba4f]" started-at="2020-05-01T12:09:23 AEST" name="pageTitle" finished-at="2020-05-01T12:09:23 AEST" duration-ms="228" status="PASS">
          <reporter-output>
          </reporter-output>
        </test-method> <!-- pageTitle -->
        <test-method is-config="true" signature="close()[pri:0, instance:TestNG_Concept.GoogleTest@402bba4f]" started-at="2020-05-01T12:09:23 AEST" name="close" finished-at="2020-05-01T12:09:24 AEST" duration-ms="764" status="PASS">
          <reporter-output>
          </reporter-output>
        </test-method> <!-- close -->
        <test-method is-config="true" signature="setUp()[pri:0, instance:TestNG_Concept.GoogleTest@402bba4f]" started-at="2020-05-01T12:09:24 AEST" name="setUp" finished-at="2020-05-01T12:09:30 AEST" duration-ms="5913" status="PASS">
          <reporter-output>
          </reporter-output>
        </test-method> <!-- setUp -->
        <test-method signature="linkTest()[pri:2, instance:TestNG_Concept.GoogleTest@402bba4f]" started-at="2020-05-01T12:09:30 AEST" name="linkTest" finished-at="2020-05-01T12:09:30 AEST" duration-ms="202" status="PASS">
          <reporter-output>
          </reporter-output>
        </test-method> <!-- linkTest -->
        <test-method is-config="true" signature="close()[pri:0, instance:TestNG_Concept.GoogleTest@402bba4f]" started-at="2020-05-01T12:09:30 AEST" name="close" finished-at="2020-05-01T12:09:31 AEST" duration-ms="782" status="PASS">
          <reporter-output>
          </reporter-output>
        </test-method> <!-- close -->
        <test-method is-config="true" signature="setUp()[pri:0, instance:TestNG_Concept.GoogleTest@402bba4f]" started-at="2020-05-01T12:09:31 AEST" name="setUp" finished-at="2020-05-01T12:09:37 AEST" duration-ms="6294" status="PASS">
          <reporter-output>
          </reporter-output>
        </test-method> <!-- setUp -->
        <test-method signature="logo()[pri:3, instance:TestNG_Concept.GoogleTest@402bba4f]" started-at="2020-05-01T12:09:37 AEST" name="logo" finished-at="2020-05-01T12:09:37 AEST" depends-on-methods="TestNG_Concept.GoogleTest.linkTest" duration-ms="115" status="PASS">
          <reporter-output>
          </reporter-output>
        </test-method> <!-- logo -->
        <test-method is-config="true" signature="close()[pri:0, instance:TestNG_Concept.GoogleTest@402bba4f]" started-at="2020-05-01T12:09:37 AEST" name="close" finished-at="2020-05-01T12:09:38 AEST" duration-ms="682" status="PASS">
          <reporter-output>
          </reporter-output>
        </test-method> <!-- close -->
      </class> <!-- TestNG_Concept.GoogleTest -->
      <class name="TestNG_Concept.TestNG_Basic">
        <test-method is-config="true" signature="SysSetUp()[pri:0, instance:TestNG_Concept.TestNG_Basic@6e171cd7]" started-at="2020-05-01T12:09:16 AEST" name="SysSetUp" finished-at="2020-05-01T12:09:16 AEST" duration-ms="20" status="PASS">
          <reporter-output>
          </reporter-output>
        </test-method> <!-- SysSetUp -->
        <test-method is-config="true" signature="Browser()[pri:0, instance:TestNG_Concept.TestNG_Basic@6e171cd7]" started-at="2020-05-01T12:09:16 AEST" name="Browser" finished-at="2020-05-01T12:09:16 AEST" duration-ms="1" status="PASS">
          <reporter-output>
          </reporter-output>
        </test-method> <!-- Browser -->
        <test-method is-config="true" signature="url()[pri:0, instance:TestNG_Concept.TestNG_Basic@6e171cd7]" started-at="2020-05-01T12:09:38 AEST" name="url" finished-at="2020-05-01T12:09:38 AEST" duration-ms="0" status="PASS">
          <reporter-output>
          </reporter-output>
        </test-method> <!-- url -->
        <test-method is-config="true" signature="login()[pri:0, instance:TestNG_Concept.TestNG_Basic@6e171cd7]" started-at="2020-05-01T12:09:38 AEST" name="login" finished-at="2020-05-01T12:09:38 AEST" duration-ms="1" status="PASS">
          <reporter-output>
          </reporter-output>
        </test-method> <!-- login -->
        <test-method signature="loginSuc()[pri:0, instance:TestNG_Concept.TestNG_Basic@6e171cd7]" started-at="2020-05-01T12:09:38 AEST" name="loginSuc" finished-at="2020-05-01T12:09:38 AEST" duration-ms="4" status="PASS">
          <reporter-output>
          </reporter-output>
        </test-method> <!-- loginSuc -->
        <test-method is-config="true" signature="logout()[pri:0, instance:TestNG_Concept.TestNG_Basic@6e171cd7]" started-at="2020-05-01T12:09:38 AEST" name="logout" finished-at="2020-05-01T12:09:38 AEST" duration-ms="2" status="PASS">
          <reporter-output>
          </reporter-output>
        </test-method> <!-- logout -->
        <test-method is-config="true" signature="login()[pri:0, instance:TestNG_Concept.TestNG_Basic@6e171cd7]" started-at="2020-05-01T12:09:38 AEST" name="login" finished-at="2020-05-01T12:09:38 AEST" duration-ms="1" status="PASS">
          <reporter-output>
          </reporter-output>
        </test-method> <!-- login -->
        <test-method signature="loginSuc1()[pri:0, instance:TestNG_Concept.TestNG_Basic@6e171cd7]" started-at="2020-05-01T12:09:38 AEST" name="loginSuc1" finished-at="2020-05-01T12:09:38 AEST" duration-ms="3" status="PASS">
          <reporter-output>
          </reporter-output>
        </test-method> <!-- loginSuc1 -->
        <test-method is-config="true" signature="logout()[pri:0, instance:TestNG_Concept.TestNG_Basic@6e171cd7]" started-at="2020-05-01T12:09:38 AEST" name="logout" finished-at="2020-05-01T12:09:38 AEST" duration-ms="1" status="PASS">
          <reporter-output>
          </reporter-output>
        </test-method> <!-- logout -->
        <test-method is-config="true" signature="login()[pri:0, instance:TestNG_Concept.TestNG_Basic@6e171cd7]" started-at="2020-05-01T12:09:38 AEST" name="login" finished-at="2020-05-01T12:09:38 AEST" duration-ms="0" status="PASS">
          <reporter-output>
          </reporter-output>
        </test-method> <!-- login -->
        <test-method signature="loginSuc2()[pri:0, instance:TestNG_Concept.TestNG_Basic@6e171cd7]" started-at="2020-05-01T12:09:38 AEST" name="loginSuc2" finished-at="2020-05-01T12:09:38 AEST" duration-ms="4" status="PASS">
          <reporter-output>
          </reporter-output>
        </test-method> <!-- loginSuc2 -->
        <test-method is-config="true" signature="logout()[pri:0, instance:TestNG_Concept.TestNG_Basic@6e171cd7]" started-at="2020-05-01T12:09:38 AEST" name="logout" finished-at="2020-05-01T12:09:38 AEST" duration-ms="1" status="PASS">
          <reporter-output>
          </reporter-output>
        </test-method> <!-- logout -->
        <test-method is-config="true" signature="cokkies()[pri:0, instance:TestNG_Concept.TestNG_Basic@6e171cd7]" started-at="2020-05-01T12:09:38 AEST" name="cokkies" finished-at="2020-05-01T12:09:38 AEST" duration-ms="1" status="PASS">
          <reporter-output>
          </reporter-output>
        </test-method> <!-- cokkies -->
        <test-method is-config="true" signature="referesh()[pri:0, instance:TestNG_Concept.TestNG_Basic@6e171cd7]" started-at="2020-05-01T12:09:38 AEST" name="referesh" finished-at="2020-05-01T12:09:38 AEST" duration-ms="1" status="PASS">
          <reporter-output>
          </reporter-output>
        </test-method> <!-- referesh -->
        <test-method is-config="true" signature="close()[pri:0, instance:TestNG_Concept.TestNG_Basic@6e171cd7]" started-at="2020-05-01T12:09:38 AEST" name="close" finished-at="2020-05-01T12:09:38 AEST" duration-ms="1" status="PASS">
          <reporter-output>
          </reporter-output>
        </test-method> <!-- close -->
      </class> <!-- TestNG_Concept.TestNG_Basic -->
    </test> <!-- TestNG concepts on Google -->
  </suite> <!-- TESTNG Session Test Automation Suite -->
</testng-results>
